java.io.IOException: Cannot run program "ps": error=2, No such file or directory
  java.base/java.lang.ProcessBuilder.start(ProcessBuilder.java:1143)
  java.base/java.lang.ProcessBuilder.start(ProcessBuilder.java:1073)
  scala.sys.process.ProcessBuilderImpl$Simple.run(ProcessBuilderImpl.scala:85)
  scala.sys.process.ProcessBuilderImpl$AbstractBuilder.$bang(ProcessBuilderImpl.scala:145)
  scala.sys.process.ProcessBuilderImpl$AbstractBuilder.slurp(ProcessBuilderImpl.scala:161)
  scala.sys.process.ProcessBuilderImpl$AbstractBuilder.$bang$bang(ProcessBuilderImpl.scala:121)
  libdaemonjvm.internal.Processes$.isRunning(Processes.scala:20)
  libdaemonjvm.internal.LockProcess$Default.$anonfun$isRunning$2(LockProcess.scala:16)
  scala.runtime.java8.JFunction0$mcZ$sp.apply(JFunction0$mcZ$sp.scala:17)
  scala.Option.getOrElse(Option.scala:201)
  libdaemonjvm.internal.LockProcess$Default.isRunning(LockProcess.scala:16)
  libdaemonjvm.client.Connect$.$anonfun$tryConnect$3(Connect.scala:34)
  libdaemonjvm.client.Connect$.$anonfun$tryConnect$3$adapted(Connect.scala:33)
  scala.Option.flatMap(Option.scala:283)
  libdaemonjvm.client.Connect$.ifFiles$1(Connect.scala:33)
  libdaemonjvm.client.Connect$.tryConnect(Connect.scala:44)
  libdaemonjvm.client.Connect$.tryConnect(Connect.scala:13)
  bloop.rifle.internal.Operations$.check(Operations.scala:82)
  bloop.rifle.BloopRifle$.check$1(BloopRifle.scala:28)
  bloop.rifle.BloopRifle$.check(BloopRifle.scala:30)
  bloop.rifle.BloopRifle$.getCurrentBloopVersion(BloopRifle.scala:146)
  bloop.rifle.BloopServer$.ensureBloopRunning(BloopServer.scala:84)
  bloop.rifle.BloopServer$.bsp(BloopServer.scala:155)
  bloop.rifle.BloopServer$.buildServer(BloopServer.scala:185)
  scala.build.bsp.BspImpl.$anonfun$10(BspImpl.scala:424)
  scala.build.compiler.BloopCompiler.<init>(BloopCompiler.scala:15)
  scala.build.bsp.BspImpl.newBloopSession(BspImpl.scala:429)
  scala.build.bsp.BspImpl.run(BspImpl.scala:470)
  scala.cli.commands.bsp.Bsp$.runCommand$$anonfun$1(Bsp.scala:182)
  scala.runtime.function.JProcedure1.apply(JProcedure1.java:15)
  scala.runtime.function.JProcedure1.apply(JProcedure1.java:10)
  scala.build.bsp.BspThreads$.withThreads(BspThreads.scala:23)
  scala.cli.commands.bsp.Bsp$.runCommand(Bsp.scala:185)
  scala.cli.commands.bsp.Bsp$.runCommand(Bsp.scala:75)
  scala.cli.commands.ScalaCommand.run(ScalaCommand.scala:379)
  scala.cli.commands.ScalaCommand.run(ScalaCommand.scala:361)
  caseapp.core.app.CaseApp.main(CaseApp.scala:157)
  scala.cli.commands.ScalaCommand.main(ScalaCommand.scala:346)
  caseapp.core.app.CommandsEntryPoint.main(CommandsEntryPoint.scala:169)
  scala.cli.ScalaCliCommands.main(ScalaCliCommands.scala:125)
  scala.cli.ScalaCli$.main0(ScalaCli.scala:292)
  scala.cli.ScalaCli$.main(ScalaCli.scala:118)
  scala.cli.ScalaCli.main(ScalaCli.scala)
java.io.IOException: error=2, No such file or directory
  java.base/java.lang.ProcessImpl.forkAndExec(Native Method)
  java.base/java.lang.ProcessImpl.<init>(ProcessImpl.java:314)
  java.base/java.lang.ProcessImpl.start(ProcessImpl.java:244)
  java.base/java.lang.ProcessBuilder.start(ProcessBuilder.java:1110)
  java.base/java.lang.ProcessBuilder.start(ProcessBuilder.java:1073)
  scala.sys.process.ProcessBuilderImpl$Simple.run(ProcessBuilderImpl.scala:85)
  scala.sys.process.ProcessBuilderImpl$AbstractBuilder.$bang(ProcessBuilderImpl.scala:145)
  scala.sys.process.ProcessBuilderImpl$AbstractBuilder.slurp(ProcessBuilderImpl.scala:161)
  scala.sys.process.ProcessBuilderImpl$AbstractBuilder.$bang$bang(ProcessBuilderImpl.scala:121)
  libdaemonjvm.internal.Processes$.isRunning(Processes.scala:20)
  libdaemonjvm.internal.LockProcess$Default.$anonfun$isRunning$2(LockProcess.scala:16)
  scala.runtime.java8.JFunction0$mcZ$sp.apply(JFunction0$mcZ$sp.scala:17)
  scala.Option.getOrElse(Option.scala:201)
  libdaemonjvm.internal.LockProcess$Default.isRunning(LockProcess.scala:16)
  libdaemonjvm.client.Connect$.$anonfun$tryConnect$3(Connect.scala:34)
  libdaemonjvm.client.Connect$.$anonfun$tryConnect$3$adapted(Connect.scala:33)
  scala.Option.flatMap(Option.scala:283)
  libdaemonjvm.client.Connect$.ifFiles$1(Connect.scala:33)
  libdaemonjvm.client.Connect$.tryConnect(Connect.scala:44)
  libdaemonjvm.client.Connect$.tryConnect(Connect.scala:13)
  bloop.rifle.internal.Operations$.check(Operations.scala:82)
  bloop.rifle.BloopRifle$.check$1(BloopRifle.scala:28)
  bloop.rifle.BloopRifle$.check(BloopRifle.scala:30)
  bloop.rifle.BloopRifle$.getCurrentBloopVersion(BloopRifle.scala:146)
  bloop.rifle.BloopServer$.ensureBloopRunning(BloopServer.scala:84)
  bloop.rifle.BloopServer$.bsp(BloopServer.scala:155)
  bloop.rifle.BloopServer$.buildServer(BloopServer.scala:185)
  scala.build.bsp.BspImpl.$anonfun$10(BspImpl.scala:424)
  scala.build.compiler.BloopCompiler.<init>(BloopCompiler.scala:15)
  scala.build.bsp.BspImpl.newBloopSession(BspImpl.scala:429)
  scala.build.bsp.BspImpl.run(BspImpl.scala:470)
  scala.cli.commands.bsp.Bsp$.runCommand$$anonfun$1(Bsp.scala:182)
  scala.runtime.function.JProcedure1.apply(JProcedure1.java:15)
  scala.runtime.function.JProcedure1.apply(JProcedure1.java:10)
  scala.build.bsp.BspThreads$.withThreads(BspThreads.scala:23)
  scala.cli.commands.bsp.Bsp$.runCommand(Bsp.scala:185)
  scala.cli.commands.bsp.Bsp$.runCommand(Bsp.scala:75)
  scala.cli.commands.ScalaCommand.run(ScalaCommand.scala:379)
  scala.cli.commands.ScalaCommand.run(ScalaCommand.scala:361)
  caseapp.core.app.CaseApp.main(CaseApp.scala:157)
  scala.cli.commands.ScalaCommand.main(ScalaCommand.scala:346)
  caseapp.core.app.CommandsEntryPoint.main(CommandsEntryPoint.scala:169)
  scala.cli.ScalaCliCommands.main(ScalaCliCommands.scala:125)
  scala.cli.ScalaCli$.main0(ScalaCli.scala:292)
  scala.cli.ScalaCli$.main(ScalaCli.scala:118)
  scala.cli.ScalaCli.main(ScalaCli.scala)
